<?xml version="1.0" encoding="UTF-8"?>
<!-- Generated by org.testng.reporters.JUnitReportReporter -->
<testsuite skipped="0" hostname="LAPTOP-THVK1LJ5" name="qa.maven.adi.MavenProject.RestAPITest" tests="2" failures="0" timestamp="03 Dec 2020 17:16:27 GMT" time="0.000" errors="0">
  <testcase name="postJira" time="0.000" classname="qa.maven.adi.MavenProject.RestAPITest"/>
  <testcase name="deleteTwitter" time="0.000" classname="qa.maven.adi.MavenProject.RestAPITest"/>
</testsuite> <!-- qa.maven.adi.MavenProject.RestAPITest -->
